# JRE version: Java(TM) SE Runtime Environment (18.0.1.1+2) (build 18.0.1.1+2-6)
# Java VM: Java HotSpot(TM) 64-Bit Server VM (18.0.1.1+2-6, mixed mode, sharing, tiered, compressed oops, compressed class ptrs, g1 gc, windows-amd64)
GC Precious Log:
 CardTable entry size: 512
 Card Set container configuration: InlinePtr #cards 5 size 8 Array Of Cards #cards 12 size 40 Howl #buckets 4 coarsen threshold 1843 Howl Bitmap #cards 512 size 80 coarsen threshold 460 Card regions per heap region 1 cards per card region 2048
 CPUs: 4 total, 4 available
 Memory: 3983M
 Large Page Support: Disabled
 NUMA Support: Disabled
 Compressed Oops: Enabled (32-bit)
 Heap Region Size: 1M
 Heap Min Capacity: 8M
 Heap Initial Capacity: 64M
 Heap Max Capacity: 996M
 Pre-touch: Disabled
 Parallel Workers: 4
 Concurrent Workers: 1
 Concurrent Refinement Workers: 4
 Periodic GC: Disabled
Heap:
 garbage-first heap   total 65536K, used 22548K [0x00000000c1c00000, 0x0000000100000000)
  region size 1024K, 7 young (7168K), 3 survivors (3072K)
 Metaspace       used 20560K, committed 20736K, reserved 1114112K
  class space    used 2591K, committed 2688K, reserved 1048576K
GC Heap History (8 events):
Event: 0.932 GC heap before
{Heap before GC invocations=0 (full 0):
 garbage-first heap   total 65536K, used 14336K [0x00000000c1c00000, 0x0000000100000000)
  region size 1024K, 13 young (13312K), 0 survivors (0K)
 Metaspace       used 2523K, committed 2688K, reserved 1114112K
  class space    used 277K, committed 384K, reserved 1048576K
}
Event: 0.940 GC heap after
{Heap after GC invocations=1 (full 0):
 garbage-first heap   total 65536K, used 8015K [0x00000000c1c00000, 0x0000000100000000)
  region size 1024K, 2 young (2048K), 2 survivors (2048K)
 Metaspace       used 2523K, committed 2688K, reserved 1114112K
  class space    used 277K, committed 384K, reserved 1048576K
}
Event: 1.705 GC heap before
{Heap before GC invocations=1 (full 0):
 garbage-first heap   total 65536K, used 17231K [0x00000000c1c00000, 0x0000000100000000)
  region size 1024K, 12 young (12288K), 2 survivors (2048K)
 Metaspace       used 5086K, committed 5312K, reserved 1114112K
  class space    used 603K, committed 704K, reserved 1048576K
}
Event: 1.712 GC heap after
{Heap after GC invocations=2 (full 0):
 garbage-first heap   total 65536K, used 10448K [0x00000000c1c00000, 0x0000000100000000)
  region size 1024K, 2 young (2048K), 2 survivors (2048K)
 Metaspace       used 5086K, committed 5312K, reserved 1114112K
  class space    used 603K, committed 704K, reserved 1048576K
}
Event: 3.133 GC heap before
{Heap before GC invocations=2 (full 0):
 garbage-first heap   total 65536K, used 27856K [0x00000000c1c00000, 0x0000000100000000)
  region size 1024K, 20 young (20480K), 2 survivors (2048K)
 Metaspace       used 11219K, committed 11456K, reserved 1114112K
  class space    used 1362K, committed 1472K, reserved 1048576K
}
Event: 3.143 GC heap after
{Heap after GC invocations=3 (full 0):
 garbage-first heap   total 65536K, used 12405K [0x00000000c1c00000, 0x0000000100000000)
  region size 1024K, 3 young (3072K), 3 survivors (3072K)
 Metaspace       used 11219K, committed 11456K, reserved 1114112K
  class space    used 1362K, committed 1472K, reserved 1048576K
}
Event: 12.439 GC heap before
{Heap before GC invocations=3 (full 0):
 garbage-first heap   total 65536K, used 44149K [0x00000000c1c00000, 0x0000000100000000)
  region size 1024K, 29 young (29696K), 3 survivors (3072K)
 Metaspace       used 19976K, committed 20224K, reserved 1114112K
  class space    used 2529K, committed 2624K, reserved 1048576K
}
Event: 12.452 GC heap after
{Heap after GC invocations=4 (full 0):
 garbage-first heap   total 65536K, used 19476K [0x00000000c1c00000, 0x0000000100000000)
  region size 1024K, 3 young (3072K), 3 survivors (3072K)
 Metaspace       used 19976K, committed 20224K, reserved 1114112K
  class space    used 2529K, committed 2624K, reserved 1048576K
}

